#
# A fatal error has been detected by the Java Runtime Environment:
#
#  EXCEPTION_ACCESS_VIOLATION (0xc0000005) at pc=0x0000000069cd0670, pid=3160, tid=8448
#
# JRE version: Java(TM) SE Runtime Environment (8.0_20-b26) (build 1.8.0_20-b26)
# Java VM: Java HotSpot(TM) 64-Bit Server VM (25.20-b23 mixed mode windows-amd64 compressed oops)
# Problematic frame:
# C  [atio6axx.dll+0x290670]
#
# Failed to write core dump. Minidumps are not enabled by default on client versions of Windows
#
# If you would like to submit a bug report, please visit:
#   http://bugreport.sun.com/bugreport/crash.jsp
# The crash happened outside the Java Virtual Machine in native code.
# See problematic frame for where to report the bug.
#

---------------  T H R E A D  ---------------

Current thread (0x0000000018b2f000):  JavaThread "LWJGL Application" [_thread_in_native, id=8448, stack(0x0000000019930000,0x0000000019a30000)]

siginfo: ExceptionCode=0xc0000005, reading address 0x0000000000000000

Registers:
RAX=0x0000000000000003, RBX=0x000000001cd4d000, RCX=0x000000001cd4d000, RDX=0x000000001cd4d040
RSP=0x0000000019a2ead0, RBP=0x000000006b1a6670, RSI=0x0000000000000040, RDI=0x000000006b1846ac
R8 =0x000000001cd4d039, R9 =0x0000000000000000, R10=0xc000000000c00001, R11=0x0000000019a2efe0
R12=0x0000000000000004, R13=0x000000006b1a6670, R14=0x0000000000000000, R15=0x000000006b184000
RIP=0x0000000069cd0670, EFLAGS=0x0000000000010293

Top of Stack: (sp=0x0000000019a2ead0)
0x0000000019a2ead0:   000000000003fc00 0000000000000002
0x0000000019a2eae0:   0000000000000030 000000001bfd8ce0
0x0000000019a2eaf0:   0000000019b44e30 000000006a3822cd
0x0000000019a2eb00:   000000001c1aacc0 0000000019b44e30
0x0000000019a2eb10:   0000000000000040 0000000000000000
0x0000000019a2eb20:   0000000019b44e30 000000006a382d6a
0x0000000019a2eb30:   000000001c02c360 000000001a809200
0x0000000019a2eb40:   000000001c1aacc0 000000006a3837da
0x0000000019a2eb50:   000000001c049210 000000001bfd8ce0
0x0000000019a2eb60:   0000000018b2f000 000000001bf44ee0
0x0000000019a2eb70:   000000001c02c360 0000000019a2ec20
0x0000000019a2eb80:   0000000000000000 0000000000000000
0x0000000019a2eb90:   000000001bf44ee0 0000000000000000
0x0000000019a2eba0:   0000000069a40000 000000001bfd8ce0
0x0000000019a2ebb0:   0000000019a2ecc0 000000006a3837da
0x0000000019a2ebc0:   000000001c049210 000000001bfd8ce0 

Instructions: (pc=0x0000000069cd0670)
0x0000000069cd0650:   ec ff e9 89 01 00 00 8b d6 48 03 d3 4c 8d 42 f9
0x0000000069cd0660:   49 3b d8 73 1f 66 66 66 0f 1f 84 00 00 00 00 00
0x0000000069cd0670:   49 8b 01 48 83 c1 08 49 83 c1 08 48 89 41 f8 49
0x0000000069cd0680:   3b c8 72 ec 4c 8d 42 fd 49 3b c8 73 16 0f 1f 00 


Register to memory mapping:

RAX=0x0000000000000003 is an unknown value
RBX=0x000000001cd4d000 is an unknown value
RCX=0x000000001cd4d000 is an unknown value
RDX=0x000000001cd4d040 is an unknown value
RSP=0x0000000019a2ead0 is pointing into the stack for thread: 0x0000000018b2f000
RBP=0x000000006b1a6670 is an unknown value
RSI=0x0000000000000040 is an unknown value
RDI=0x000000006b1846ac is an unknown value
R8 =0x000000001cd4d039 is an unknown value
R9 =0x0000000000000000 is an unknown value
R10=0xc000000000c00001 is an unknown value
R11=0x0000000019a2efe0 is pointing into the stack for thread: 0x0000000018b2f000
R12=0x0000000000000004 is an unknown value
R13=0x000000006b1a6670 is an unknown value
R14=0x0000000000000000 is an unknown value
R15=0x000000006b184000 is an unknown value


Stack: [0x0000000019930000,0x0000000019a30000],  sp=0x0000000019a2ead0,  free space=1018k
Native frames: (J=compiled Java code, j=interpreted, Vv=VM code, C=native code)
C  [atio6axx.dll+0x290670]
C  [atio6axx.dll+0x2493c1]
C  [atio6axx.dll+0x1d42ba]
C  [atio6axx.dll+0x444893]
C  0x00000000029c5534

Java frames: (J=compiled Java code, j=interpreted, Vv=VM code)
j  org.lwjgl.opengl.GL11.nglDrawArrays(IIIJ)V+0
j  org.lwjgl.opengl.GL11.glDrawArrays(III)V+20
j  com.badlogic.gdx.backends.lwjgl.LwjglGL10.glDrawArrays(III)V+3
j  CannonFodderGame.GameEngine.render()V+151
j  com.badlogic.gdx.backends.lwjgl.LwjglApplication.mainLoop()V+491
j  com.badlogic.gdx.backends.lwjgl.LwjglApplication$1.run()V+27
v  ~StubRoutines::call_stub

---------------  P R O C E S S  ---------------

Java Threads: ( => current thread )
  0x00000000028b0800 JavaThread "DestroyJavaVM" [_thread_blocked, id=8256, stack(0x0000000002720000,0x0000000002820000)]
=>0x0000000018b2f000 JavaThread "LWJGL Application" [_thread_in_native, id=8448, stack(0x0000000019930000,0x0000000019a30000)]
  0x0000000018987000 JavaThread "Service Thread" daemon [_thread_blocked, id=5800, stack(0x0000000018d50000,0x0000000018e50000)]
  0x00000000170e3000 JavaThread "C1 CompilerThread2" daemon [_thread_blocked, id=5456, stack(0x0000000018850000,0x0000000018950000)]
  0x00000000170e0000 JavaThread "C2 CompilerThread1" daemon [_thread_blocked, id=4084, stack(0x0000000018750000,0x0000000018850000)]
  0x00000000170da800 JavaThread "C2 CompilerThread0" daemon [_thread_blocked, id=1720, stack(0x0000000018650000,0x0000000018750000)]
  0x00000000170d9000 JavaThread "Attach Listener" daemon [_thread_blocked, id=8244, stack(0x0000000018550000,0x0000000018650000)]
  0x00000000170d8000 JavaThread "Signal Dispatcher" daemon [_thread_blocked, id=7656, stack(0x0000000018450000,0x0000000018550000)]
  0x00000000029a1800 JavaThread "Finalizer" daemon [_thread_blocked, id=7024, stack(0x0000000018350000,0x0000000018450000)]
  0x000000000299a800 JavaThread "Reference Handler" daemon [_thread_blocked, id=8868, stack(0x0000000018250000,0x0000000018350000)]

Other Threads:
  0x00000000170a5800 VMThread [stack: 0x0000000018150000,0x0000000018250000] [id=5012]
  0x0000000018988000 WatcherThread [stack: 0x0000000018e50000,0x0000000018f50000] [id=5664]

VM state:not at safepoint (normal execution)

VM Mutex/Monitor currently owned by a thread: None

Heap:
 PSYoungGen      total 35840K, used 8616K [0x00000000d8200000, 0x00000000daa00000, 0x0000000100000000)
  eden space 30720K, 28% used [0x00000000d8200000,0x00000000d8a6a310,0x00000000da000000)
  from space 5120K, 0% used [0x00000000da500000,0x00000000da500000,0x00000000daa00000)
  to   space 5120K, 0% used [0x00000000da000000,0x00000000da000000,0x00000000da500000)
 ParOldGen       total 81920K, used 0K [0x0000000088600000, 0x000000008d600000, 0x00000000d8200000)
  object space 81920K, 0% used [0x0000000088600000,0x0000000088600000,0x000000008d600000)
 Metaspace       used 4950K, capacity 6018K, committed 6144K, reserved 1056768K
  class space    used 472K, capacity 488K, committed 512K, reserved 1048576K

Card table byte_map: [0x0000000011d70000,0x0000000012130000] byte_map_base: 0x000000001192d000

Marking Bits: (ParMarkBitMap*) 0x000000006bc5b460
 Begin Bits: [0x00000000127b0000, 0x0000000014598000)
 End Bits:   [0x0000000014598000, 0x0000000016380000)

Polling page: 0x0000000000e30000

CodeCache: size=245760Kb used=1801Kb max_used=1801Kb free=243959Kb
 bounds [0x00000000029b0000, 0x0000000002c20000, 0x00000000119b0000]
 total_blobs=680 nmethods=313 adapters=282
 compilation: enabled

Compilation events (10 events):
Event: 0.791 Thread 0x00000000170da800  308       4       java.lang.String::equals (81 bytes)
Event: 0.796 Thread 0x00000000170da800 nmethod 308 0x0000000002b6f4d0 code [0x0000000002b6f620, 0x0000000002b6f858]
Event: 0.830 Thread 0x00000000170e3000  309       1       java.nio.Buffer::limit (5 bytes)
Event: 0.830 Thread 0x00000000170e3000 nmethod 309 0x0000000002b6f210 code [0x0000000002b6f360, 0x0000000002b6f470]
Event: 0.843 Thread 0x00000000170e3000  311       3       org.lwjgl.opengl.GLContext::getCapabilities (20 bytes)
Event: 0.844 Thread 0x00000000170e3000 nmethod 311 0x0000000002b73210 code [0x0000000002b733a0, 0x0000000002b73818]
Event: 0.844 Thread 0x00000000170e3000  312       3       org.lwjgl.opengl.GLContext::getCapabilitiesImpl (23 bytes)
Event: 0.844 Thread 0x00000000170e3000 nmethod 312 0x0000000002b6f990 code [0x0000000002b6fb20, 0x0000000002b6fe68]
Event: 0.844 Thread 0x00000000170e3000  313       3       org.lwjgl.BufferChecks::checkFunctionAddress (23 bytes)
Event: 0.844 Thread 0x00000000170e3000 nmethod 313 0x0000000002b72d50 code [0x0000000002b72ec0, 0x0000000002b73108]

GC Heap History (0 events):
No events

Deoptimization events (0 events):
No events

Internal exceptions (10 events):
Event: 0.835 Thread 0x0000000018b2f000 Exception <a 'java/security/PrivilegedActionException'> (0x00000000d89ef7b8) thrown at [D:\re\workspace\8-2-build-windows-amd64-cygwin\jdk8u20\1074\hotspot\src\share\vm\prims\jvm.cpp, line 1275]
Event: 0.836 Thread 0x0000000018b2f000 Exception <a 'java/security/PrivilegedActionException'> (0x00000000d89f4008) thrown at [D:\re\workspace\8-2-build-windows-amd64-cygwin\jdk8u20\1074\hotspot\src\share\vm\prims\jvm.cpp, line 1275]
Event: 0.837 Thread 0x0000000018b2f000 Exception <a 'java/security/PrivilegedActionException'> (0x00000000d89f6000) thrown at [D:\re\workspace\8-2-build-windows-amd64-cygwin\jdk8u20\1074\hotspot\src\share\vm\prims\jvm.cpp, line 1275]
Event: 0.837 Thread 0x0000000018b2f000 Exception <a 'java/security/PrivilegedActionException'> (0x00000000d89f7e10) thrown at [D:\re\workspace\8-2-build-windows-amd64-cygwin\jdk8u20\1074\hotspot\src\share\vm\prims\jvm.cpp, line 1275]
Event: 0.838 Thread 0x0000000018b2f000 Exception <a 'java/security/PrivilegedActionException'> (0x00000000d89f9f38) thrown at [D:\re\workspace\8-2-build-windows-amd64-cygwin\jdk8u20\1074\hotspot\src\share\vm\prims\jvm.cpp, line 1275]
Event: 0.839 Thread 0x0000000018b2f000 Exception <a 'java/security/PrivilegedActionException'> (0x00000000d89fb7d8) thrown at [D:\re\workspace\8-2-build-windows-amd64-cygwin\jdk8u20\1074\hotspot\src\share\vm\prims\jvm.cpp, line 1275]
Event: 0.840 Thread 0x0000000018b2f000 Exception <a 'java/security/PrivilegedActionException'> (0x00000000d89fd8a8) thrown at [D:\re\workspace\8-2-build-windows-amd64-cygwin\jdk8u20\1074\hotspot\src\share\vm\prims\jvm.cpp, line 1275]
Event: 0.840 Thread 0x0000000018b2f000 Exception <a 'java/security/PrivilegedActionException'> (0x00000000d8a00d88) thrown at [D:\re\workspace\8-2-build-windows-amd64-cygwin\jdk8u20\1074\hotspot\src\share\vm\prims\jvm.cpp, line 1275]
Event: 0.841 Thread 0x0000000018b2f000 Exception <a 'java/security/PrivilegedActionException'> (0x00000000d8a027a8) thrown at [D:\re\workspace\8-2-build-windows-amd64-cygwin\jdk8u20\1074\hotspot\src\share\vm\prims\jvm.cpp, line 1275]
Event: 0.842 Thread 0x0000000018b2f000 Exception <a 'java/security/PrivilegedActionException'> (0x00000000d8a0b930) thrown at [D:\re\workspace\8-2-build-windows-amd64-cygwin\jdk8u20\1074\hotspot\src\share\vm\prims\jvm.cpp, line 1275]

Events (10 events):
Event: 0.839 loading class CannonFodderGame/Logic/LineLogic
Event: 0.839 loading class CannonFodderGame/Logic/LineLogic done
Event: 0.840 loading class CannonFodderGame/Logic/BoxLogic
Event: 0.840 loading class CannonFodderGame/Logic/BoxLogic done
Event: 0.840 loading class CannonFodderGame/Logic/PlayerController
Event: 0.840 loading class CannonFodderGame/Logic/PlayerController done
Event: 0.841 loading class org/lwjgl/util/glu/GLU
Event: 0.841 loading class org/lwjgl/util/glu/GLU done
Event: 0.842 loading class org/lwjgl/util/glu/GLUtessellator
Event: 0.842 loading class org/lwjgl/util/glu/GLUtessellator done


Dynamic libraries:
0x00007ff7447c0000 - 0x00007ff7447f4000 	C:\Program Files\Java\jre1.8.0_20\bin\javaw.exe
0x00007ffc82f00000 - 0x00007ffc830aa000 	C:\WINDOWS\SYSTEM32\ntdll.dll
0x00007ffc82860000 - 0x00007ffc8299a000 	C:\WINDOWS\system32\KERNEL32.DLL
0x00007ffc805c0000 - 0x00007ffc806cf000 	C:\WINDOWS\system32\KERNELBASE.dll
0x00007ffc7eea0000 - 0x00007ffc7ef28000 	C:\WINDOWS\system32\apphelp.dll
0x00007ffc7a0c0000 - 0x00007ffc7a10f000 	C:\WINDOWS\AppPatch\AppPatch64\AcGenral.DLL
0x00007ffc82db0000 - 0x00007ffc82e57000 	C:\WINDOWS\system32\msvcrt.dll
0x00007ffc80120000 - 0x00007ffc8014b000 	C:\WINDOWS\SYSTEM32\SspiCli.dll
0x00007ffc82a40000 - 0x00007ffc82a91000 	C:\WINDOWS\system32\SHLWAPI.dll
0x00007ffc82070000 - 0x00007ffc821e1000 	C:\WINDOWS\system32\USER32.dll
0x00007ffc81cf0000 - 0x00007ffc81e68000 	C:\WINDOWS\system32\ole32.dll
0x00007ffc80780000 - 0x00007ffc81ba0000 	C:\WINDOWS\system32\SHELL32.dll
0x00007ffc7f8c0000 - 0x00007ffc7f8de000 	C:\WINDOWS\SYSTEM32\USERENV.dll
0x00007ffc827b0000 - 0x00007ffc82855000 	C:\WINDOWS\system32\ADVAPI32.dll
0x00007ffc78940000 - 0x00007ffc7895b000 	C:\WINDOWS\SYSTEM32\MPR.dll
0x00007ffc81ba0000 - 0x00007ffc81cd7000 	C:\WINDOWS\system32\RPCRT4.dll
0x00007ffc824e0000 - 0x00007ffc82537000 	C:\WINDOWS\SYSTEM32\sechost.dll
0x00007ffc82ab0000 - 0x00007ffc82c86000 	C:\WINDOWS\SYSTEM32\combase.dll
0x00007ffc821f0000 - 0x00007ffc82334000 	C:\WINDOWS\system32\GDI32.dll
0x00007ffc80270000 - 0x00007ffc80284000 	C:\WINDOWS\SYSTEM32\profapi.dll
0x00007ffc7e8b0000 - 0x00007ffc7e94f000 	C:\WINDOWS\SYSTEM32\SHCORE.dll
0x00007ffc82e60000 - 0x00007ffc82e94000 	C:\WINDOWS\system32\IMM32.DLL
0x00007ffc823a0000 - 0x00007ffc824d9000 	C:\WINDOWS\system32\MSCTF.dll
0x00007ffc7df00000 - 0x00007ffc7e15a000 	C:\WINDOWS\WinSxS\amd64_microsoft.windows.common-controls_6595b64144ccf1df_6.0.9600.17031_none_6242a4b3ecbb55a1\COMCTL32.dll
0x000000006b300000 - 0x000000006b3d2000 	C:\Program Files\Java\jre1.8.0_20\bin\msvcr100.dll
0x000000006b480000 - 0x000000006bcd8000 	C:\Program Files\Java\jre1.8.0_20\bin\server\jvm.dll
0x00007ffc7a470000 - 0x00007ffc7a479000 	C:\WINDOWS\SYSTEM32\WSOCK32.dll
0x00007ffc7bc90000 - 0x00007ffc7bcaf000 	C:\WINDOWS\SYSTEM32\WINMM.dll
0x00007ffc82600000 - 0x00007ffc82607000 	C:\WINDOWS\system32\PSAPI.DLL
0x00007ffc82ea0000 - 0x00007ffc82ef8000 	C:\WINDOWS\system32\WS2_32.dll
0x00007ffc7bac0000 - 0x00007ffc7baea000 	C:\WINDOWS\SYSTEM32\WINMMBASE.dll
0x00007ffc82aa0000 - 0x00007ffc82aa9000 	C:\WINDOWS\system32\NSI.dll
0x00007ffc80390000 - 0x00007ffc803da000 	C:\WINDOWS\SYSTEM32\cfgmgr32.dll
0x00007ffc7f0f0000 - 0x00007ffc7f116000 	C:\WINDOWS\SYSTEM32\DEVOBJ.dll
0x000000006b470000 - 0x000000006b47f000 	C:\Program Files\Java\jre1.8.0_20\bin\verify.dll
0x000000006b440000 - 0x000000006b468000 	C:\Program Files\Java\jre1.8.0_20\bin\java.dll
0x000000006b420000 - 0x000000006b436000 	C:\Program Files\Java\jre1.8.0_20\bin\zip.dll
0x0000000065580000 - 0x000000006560d000 	C:\Users\Tommz\AppData\Local\Temp\libgdxTommz\123946040\gdx64.dll
0x0000000180000000 - 0x0000000180050000 	C:\Users\Tommz\AppData\Local\Temp\libgdxTommz\27538956\lwjgl64.dll
0x00007ffc74bb0000 - 0x00007ffc74cd1000 	C:\WINDOWS\SYSTEM32\OPENGL32.dll
0x00007ffc7def0000 - 0x00007ffc7defa000 	C:\WINDOWS\SYSTEM32\VERSION.dll
0x00007ffc74b80000 - 0x00007ffc74bac000 	C:\WINDOWS\SYSTEM32\GLU32.dll
0x00007ffc6a6b0000 - 0x00007ffc6a7a4000 	C:\WINDOWS\SYSTEM32\DDRAW.dll
0x00007ffc7a0b0000 - 0x00007ffc7a0b9000 	C:\WINDOWS\SYSTEM32\DCIMAN32.dll
0x0000000018f50000 - 0x0000000018fb2000 	C:\Users\Tommz\AppData\Local\Temp\libgdxTommz\27538956\OpenAL64.dll
0x00007ffc7f140000 - 0x00007ffc7f14a000 	C:\WINDOWS\SYSTEM32\kernel.appcore.dll
0x00007ffc801b0000 - 0x00007ffc801ba000 	C:\WINDOWS\SYSTEM32\CRYPTBASE.dll
0x00007ffc80150000 - 0x00007ffc801b0000 	C:\WINDOWS\SYSTEM32\bcryptPrimitives.dll
0x00007ffc7ef70000 - 0x00007ffc7f091000 	C:\WINDOWS\system32\uxtheme.dll
0x00007ffc82c90000 - 0x00007ffc82d34000 	C:\WINDOWS\SYSTEM32\clbcatq.dll
0x00007ffc6d190000 - 0x00007ffc6d217000 	C:\WINDOWS\SYSTEM32\dsound.dll
0x00007ffc7f8e0000 - 0x00007ffc7f925000 	C:\WINDOWS\SYSTEM32\POWRPROF.dll
0x00007ffc7dda0000 - 0x00007ffc7de02000 	C:\WINDOWS\System32\MMDevApi.dll
0x00007ffc7b160000 - 0x00007ffc7b1d6000 	C:\WINDOWS\SYSTEM32\AUDIOSES.DLL
0x00007ffc82540000 - 0x00007ffc825f7000 	C:\WINDOWS\system32\OLEAUT32.dll
0x00007ffc7e6e0000 - 0x00007ffc7e700000 	C:\WINDOWS\system32\dwmapi.dll
0x00007ffc77470000 - 0x00007ffc77488000 	C:\WINDOWS\SYSTEM32\atig6pxx.dll
0x0000000069a40000 - 0x000000006b2f5000 	C:\WINDOWS\SYSTEM32\atio6axx.dll
0x00007ffc81e70000 - 0x00007ffc82044000 	C:\WINDOWS\system32\SETUPAPI.dll
0x00007ffc7b1e0000 - 0x00007ffc7b2af000 	C:\WINDOWS\SYSTEM32\atiadlxx.dll
0x00007ffc7bed0000 - 0x00007ffc7c035000 	C:\WINDOWS\SYSTEM32\PROPSYS.dll
0x00007ffc7ee80000 - 0x00007ffc7ee91000 	C:\WINDOWS\SYSTEM32\WTSAPI32.dll
0x00007ffc7ba90000 - 0x00007ffc7bab9000 	C:\WINDOWS\SYSTEM32\IPHLPAPI.DLL
0x00007ffc7ba60000 - 0x00007ffc7ba6a000 	C:\WINDOWS\SYSTEM32\WINNSI.DLL
0x00007ffc80340000 - 0x00007ffc8038c000 	C:\WINDOWS\system32\WINTRUST.dll
0x00007ffc803e0000 - 0x00007ffc805b7000 	C:\WINDOWS\system32\CRYPT32.dll
0x00007ffc80320000 - 0x00007ffc80332000 	C:\WINDOWS\system32\MSASN1.dll
0x00007ffc7e160000 - 0x00007ffc7e291000 	C:\WINDOWS\SYSTEM32\aticfx64.dll
0x00007ffc74f80000 - 0x00007ffc74f9e000 	C:\WINDOWS\SYSTEM32\atig6txx.dll
0x00007ffc6c5f0000 - 0x00007ffc6c67d000 	C:\WINDOWS\SYSTEM32\mscms.dll
0x00007ffc6cc60000 - 0x00007ffc6cca1000 	C:\WINDOWS\SYSTEM32\icm32.dll
0x00007ffc72ca0000 - 0x00007ffc72e28000 	C:\WINDOWS\SYSTEM32\dbghelp.dll

VM Arguments:
jvm_args: -Dfile.encoding=Cp1252 
java_command: CannonFodderGame.DesktopRunner
java_class_path (initial): C:\Programming\Computer Graphics\CannonFodder\bin;C:\Programming\Forrit\Library\libgdx\gdx.jar;C:\Programming\Forrit\Library\libgdx\gdx-backend-android.jar;C:\Programming\Forrit\Library\libgdx\gdx-backend-gwt.jar;C:\Programming\Forrit\Library\libgdx\gdx-backend-lwjgl.jar;C:\Programming\Forrit\Library\libgdx\gdx-backend-lwjgl-natives.jar;C:\Programming\Forrit\Library\libgdx\gdx-natives.jar;C:\Programming\Forrit\Library\libgdx\gdx-openal.jar;C:\Programming\Forrit\Library\libgdx\gdx-setup-ui.jar
Launcher Type: SUN_STANDARD

Environment Variables:
PATH=C:/Program Files/Java/jre1.8.0_20/bin/server;C:/Program Files/Java/jre1.8.0_20/bin;C:/Program Files/Java/jre1.8.0_20/lib/amd64;C:\ProgramData\Oracle\Java\javapath;C:\WINDOWS\system32;C:\WINDOWS;C:\WINDOWS\System32\Wbem;C:\WINDOWS\System32\WindowsPowerShell\v1.0\;C:\Program Files (x86)\Windows Kits\8.1\Windows Performance Toolkit\;C:\Program Files\Microsoft SQL Server\110\Tools\Binn\;C:\Program Files (x86)\Microsoft SDKs\TypeScript\1.0\;C:\Programming\Forrit\eclipse;
USERNAME=Tommz
OS=Windows_NT
PROCESSOR_IDENTIFIER=AMD64 Family 21 Model 16 Stepping 1, AuthenticAMD



---------------  S Y S T E M  ---------------

OS: Windows 8.1 , 64 bit Build 9600 

CPU:total 4 (4 cores per cpu, 1 threads per core) family 21 model 16 stepping 1, cmov, cx8, fxsr, mmx, sse, sse2, sse3, ssse3, sse4.1, sse4.2, popcnt, avx, aes, clmul, mmxext, 3dnowpref, lzcnt, sse4a, tsc, tscinvbit, tscinv, bmi1

Memory: 4k page, physical 7832912k(4083672k free), swap 15697232k(10261912k free)

vm_info: Java HotSpot(TM) 64-Bit Server VM (25.20-b23) for windows-amd64 JRE (1.8.0_20-b26), built on Jul 30 2014 13:51:23 by "java_re" with MS VC++ 10.0 (VS2010)

time: Fri Sep 12 18:24:46 2014
elapsed time: 1 seconds (0d 0h 0m 1s)

