#
# A fatal error has been detected by the Java Runtime Environment:
#
#  EXCEPTION_ACCESS_VIOLATION (0xc0000005) at pc=0x0000000069cd0670, pid=7300, tid=6916
#
# JRE version: Java(TM) SE Runtime Environment (8.0_20-b26) (build 1.8.0_20-b26)
# Java VM: Java HotSpot(TM) 64-Bit Server VM (25.20-b23 mixed mode windows-amd64 compressed oops)
# Problematic frame:
# C  [atio6axx.dll+0x290670]
#
# Failed to write core dump. Minidumps are not enabled by default on client versions of Windows
#
# If you would like to submit a bug report, please visit:
#   http://bugreport.sun.com/bugreport/crash.jsp
# The crash happened outside the Java Virtual Machine in native code.
# See problematic frame for where to report the bug.
#

---------------  T H R E A D  ---------------

Current thread (0x00000000182f2800):  JavaThread "LWJGL Application" [_thread_in_native, id=6916, stack(0x00000000191b0000,0x00000000192b0000)]

siginfo: ExceptionCode=0xc0000005, reading address 0x0000000000000000

Registers:
RAX=0x0000000000000003, RBX=0x000000001c53d000, RCX=0x000000001c53d000, RDX=0x000000001c53d040
RSP=0x00000000192aed90, RBP=0x000000006b1a6670, RSI=0x0000000000000040, RDI=0x000000006b1846ac
R8 =0x000000001c53d039, R9 =0x0000000000000000, R10=0xc000000000c00001, R11=0x00000000192af2a0
R12=0x0000000000000004, R13=0x000000006b1a6670, R14=0x0000000000000000, R15=0x000000006b184000
RIP=0x0000000069cd0670, EFLAGS=0x0000000000010293

Top of Stack: (sp=0x00000000192aed90)
0x00000000192aed90:   000000000003fc00 0000000000000002
0x00000000192aeda0:   0000000000000030 000000001b768ce0
0x00000000192aedb0:   00000000192d3530 000000006a3822cd
0x00000000192aedc0:   000000001b93c340 00000000192d3530
0x00000000192aedd0:   0000000000000040 0000000000000000
0x00000000192aede0:   00000000192d3530 000000006a382d6a
0x00000000192aedf0:   000000001b7bd320 0000000019f99a60
0x00000000192aee00:   000000001b93c340 000000006a3837da
0x00000000192aee10:   000000001b7d8bb0 000000001b768ce0
0x00000000192aee20:   00000000182f2800 000000001b6d4ee0
0x00000000192aee30:   000000001b7bd320 00000000192aeee0
0x00000000192aee40:   0000000000000000 0000000000000000
0x00000000192aee50:   000000001b6d4ee0 0000000000000000
0x00000000192aee60:   0000000069a40000 000000001b768ce0
0x00000000192aee70:   00000000192aef80 000000006a3837da
0x00000000192aee80:   000000001b7d8bb0 000000001b768ce0 

Instructions: (pc=0x0000000069cd0670)
0x0000000069cd0650:   ec ff e9 89 01 00 00 8b d6 48 03 d3 4c 8d 42 f9
0x0000000069cd0660:   49 3b d8 73 1f 66 66 66 0f 1f 84 00 00 00 00 00
0x0000000069cd0670:   49 8b 01 48 83 c1 08 49 83 c1 08 48 89 41 f8 49
0x0000000069cd0680:   3b c8 72 ec 4c 8d 42 fd 49 3b c8 73 16 0f 1f 00 


Register to memory mapping:

RAX=0x0000000000000003 is an unknown value
RBX=0x000000001c53d000 is an unknown value
RCX=0x000000001c53d000 is an unknown value
RDX=0x000000001c53d040 is an unknown value
RSP=0x00000000192aed90 is pointing into the stack for thread: 0x00000000182f2800
RBP=0x000000006b1a6670 is an unknown value
RSI=0x0000000000000040 is an unknown value
RDI=0x000000006b1846ac is an unknown value
R8 =0x000000001c53d039 is an unknown value
R9 =0x0000000000000000 is an unknown value
R10=0xc000000000c00001 is an unknown value
R11=0x00000000192af2a0 is pointing into the stack for thread: 0x00000000182f2800
R12=0x0000000000000004 is an unknown value
R13=0x000000006b1a6670 is an unknown value
R14=0x0000000000000000 is an unknown value
R15=0x000000006b184000 is an unknown value


Stack: [0x00000000191b0000,0x00000000192b0000],  sp=0x00000000192aed90,  free space=1019k
Native frames: (J=compiled Java code, j=interpreted, Vv=VM code, C=native code)
C  [atio6axx.dll+0x290670]
C  [atio6axx.dll+0x2493c1]
C  [atio6axx.dll+0x1d42ba]
C  [atio6axx.dll+0x444893]
C  0x00000000021a5534

Java frames: (J=compiled Java code, j=interpreted, Vv=VM code)
j  org.lwjgl.opengl.GL11.nglDrawArrays(IIIJ)V+0
j  org.lwjgl.opengl.GL11.glDrawArrays(III)V+20
j  com.badlogic.gdx.backends.lwjgl.LwjglGL10.glDrawArrays(III)V+3
j  CannonFodderGame.GameEngine.render()V+147
j  com.badlogic.gdx.backends.lwjgl.LwjglApplication.mainLoop()V+491
j  com.badlogic.gdx.backends.lwjgl.LwjglApplication$1.run()V+27
v  ~StubRoutines::call_stub

---------------  P R O C E S S  ---------------

Java Threads: ( => current thread )
  0x0000000002090800 JavaThread "DestroyJavaVM" [_thread_blocked, id=6252, stack(0x0000000001f60000,0x0000000002060000)]
=>0x00000000182f2800 JavaThread "LWJGL Application" [_thread_in_native, id=6916, stack(0x00000000191b0000,0x00000000192b0000)]
  0x0000000018182800 JavaThread "Service Thread" daemon [_thread_blocked, id=3352, stack(0x0000000018550000,0x0000000018650000)]
  0x00000000168f4800 JavaThread "C1 CompilerThread2" daemon [_thread_blocked, id=7488, stack(0x0000000018050000,0x0000000018150000)]
  0x00000000168f3000 JavaThread "C2 CompilerThread1" daemon [_thread_blocked, id=8008, stack(0x0000000017f50000,0x0000000018050000)]
  0x00000000168eb000 JavaThread "C2 CompilerThread0" daemon [_thread_blocked, id=6448, stack(0x0000000017e50000,0x0000000017f50000)]
  0x00000000168e9800 JavaThread "Attach Listener" daemon [_thread_blocked, id=3652, stack(0x0000000017d50000,0x0000000017e50000)]
  0x00000000168e8800 JavaThread "Signal Dispatcher" daemon [_thread_blocked, id=7628, stack(0x0000000017c50000,0x0000000017d50000)]
  0x0000000002181000 JavaThread "Finalizer" daemon [_thread_blocked, id=5796, stack(0x0000000017b40000,0x0000000017c40000)]
  0x000000000217a000 JavaThread "Reference Handler" daemon [_thread_blocked, id=6952, stack(0x0000000017a40000,0x0000000017b40000)]

Other Threads:
  0x00000000168b6000 VMThread [stack: 0x0000000017940000,0x0000000017a40000] [id=7412]
  0x0000000018184000 WatcherThread [stack: 0x0000000018650000,0x0000000018750000] [id=8268]

VM state:not at safepoint (normal execution)

VM Mutex/Monitor currently owned by a thread: None

Heap:
 PSYoungGen      total 35840K, used 9368K [0x00000000d8200000, 0x00000000daa00000, 0x0000000100000000)
  eden space 30720K, 30% used [0x00000000d8200000,0x00000000d8b261f0,0x00000000da000000)
  from space 5120K, 0% used [0x00000000da500000,0x00000000da500000,0x00000000daa00000)
  to   space 5120K, 0% used [0x00000000da000000,0x00000000da000000,0x00000000da500000)
 ParOldGen       total 81920K, used 0K [0x0000000088600000, 0x000000008d600000, 0x00000000d8200000)
  object space 81920K, 0% used [0x0000000088600000,0x0000000088600000,0x000000008d600000)
 Metaspace       used 5042K, capacity 6146K, committed 6400K, reserved 1056768K
  class space    used 475K, capacity 488K, committed 512K, reserved 1048576K

Card table byte_map: [0x0000000011550000,0x0000000011910000] byte_map_base: 0x000000001110d000

Marking Bits: (ParMarkBitMap*) 0x000000006bc5b460
 Begin Bits: [0x0000000011f90000, 0x0000000013d78000)
 End Bits:   [0x0000000013d78000, 0x0000000015b60000)

Polling page: 0x0000000000730000

CodeCache: size=245760Kb used=1815Kb max_used=1815Kb free=243944Kb
 bounds [0x0000000002190000, 0x0000000002400000, 0x0000000011190000]
 total_blobs=693 nmethods=319 adapters=289
 compilation: enabled

Compilation events (10 events):
Event: 0.832 Thread 0x00000000168f4800  315       3       java.util.jar.Attributes$Name::hashCode (24 bytes)
Event: 0.832 Thread 0x00000000168f4800 nmethod 315 0x0000000002354310 code [0x0000000002354480, 0x0000000002354648]
Event: 0.832 Thread 0x00000000168f4800  316   !   3       java.lang.ref.Finalizer::add (41 bytes)
Event: 0.832 Thread 0x00000000168f4800 nmethod 316 0x0000000002353cd0 code [0x0000000002353e40, 0x00000000023541f0]
Event: 0.833 Thread 0x00000000168f4800  317       3       org.lwjgl.opengl.GLContext::getCapabilities (20 bytes)
Event: 0.833 Thread 0x00000000168f4800 nmethod 317 0x0000000002355390 code [0x0000000002355520, 0x0000000002355998]
Event: 0.834 Thread 0x00000000168f4800  318       3       org.lwjgl.opengl.GLContext::getCapabilitiesImpl (23 bytes)
Event: 0.834 Thread 0x00000000168f4800 nmethod 318 0x0000000002355b50 code [0x0000000002355ce0, 0x0000000002356028]
Event: 0.834 Thread 0x00000000168f4800  319       3       org.lwjgl.BufferChecks::checkFunctionAddress (23 bytes)
Event: 0.834 Thread 0x00000000168f4800 nmethod 319 0x0000000002356150 code [0x00000000023562c0, 0x0000000002356508]

GC Heap History (0 events):
No events

Deoptimization events (0 events):
No events

Internal exceptions (10 events):
Event: 0.821 Thread 0x00000000182f2800 Exception <a 'java/security/PrivilegedActionException'> (0x00000000d8a05860) thrown at [D:\re\workspace\8-2-build-windows-amd64-cygwin\jdk8u20\1074\hotspot\src\share\vm\prims\jvm.cpp, line 1275]
Event: 0.821 Thread 0x00000000182f2800 Exception <a 'java/security/PrivilegedActionException'> (0x00000000d8a07210) thrown at [D:\re\workspace\8-2-build-windows-amd64-cygwin\jdk8u20\1074\hotspot\src\share\vm\prims\jvm.cpp, line 1275]
Event: 0.822 Thread 0x00000000182f2800 Exception <a 'java/security/PrivilegedActionException'> (0x00000000d8a18310) thrown at [D:\re\workspace\8-2-build-windows-amd64-cygwin\jdk8u20\1074\hotspot\src\share\vm\prims\jvm.cpp, line 1275]
Event: 0.824 Thread 0x00000000182f2800 Exception <a 'java/security/PrivilegedActionException'> (0x00000000d8a1aee0) thrown at [D:\re\workspace\8-2-build-windows-amd64-cygwin\jdk8u20\1074\hotspot\src\share\vm\prims\jvm.cpp, line 1275]
Event: 0.826 Thread 0x00000000182f2800 Exception <a 'java/security/PrivilegedActionException'> (0x00000000d8a2c5a8) thrown at [D:\re\workspace\8-2-build-windows-amd64-cygwin\jdk8u20\1074\hotspot\src\share\vm\prims\jvm.cpp, line 1275]
Event: 0.827 Thread 0x00000000182f2800 Exception <a 'java/security/PrivilegedActionException'> (0x00000000d8a35ca8) thrown at [D:\re\workspace\8-2-build-windows-amd64-cygwin\jdk8u20\1074\hotspot\src\share\vm\prims\jvm.cpp, line 1275]
Event: 0.828 Thread 0x00000000182f2800 Exception <a 'java/security/PrivilegedActionException'> (0x00000000d8a3fab8) thrown at [D:\re\workspace\8-2-build-windows-amd64-cygwin\jdk8u20\1074\hotspot\src\share\vm\prims\jvm.cpp, line 1275]
Event: 0.829 Thread 0x00000000182f2800 Exception <a 'java/security/PrivilegedActionException'> (0x00000000d8a541a8) thrown at [D:\re\workspace\8-2-build-windows-amd64-cygwin\jdk8u20\1074\hotspot\src\share\vm\prims\jvm.cpp, line 1275]
Event: 0.831 Thread 0x00000000182f2800 Exception <a 'java/security/PrivilegedActionException'> (0x00000000d8a6e970) thrown at [D:\re\workspace\8-2-build-windows-amd64-cygwin\jdk8u20\1074\hotspot\src\share\vm\prims\jvm.cpp, line 1275]
Event: 0.832 Thread 0x00000000182f2800 Exception <a 'java/security/PrivilegedActionException'> (0x00000000d8a91c00) thrown at [D:\re\workspace\8-2-build-windows-amd64-cygwin\jdk8u20\1074\hotspot\src\share\vm\prims\jvm.cpp, line 1275]

Events (10 events):
Event: 0.827 loading class com/badlogic/gdx/math/Vector3
Event: 0.827 loading class com/badlogic/gdx/math/Vector3 done
Event: 0.828 loading class com/badlogic/gdx/graphics/glutils/ImmediateModeRenderer10
Event: 0.828 loading class com/badlogic/gdx/graphics/glutils/ImmediateModeRenderer10 done
Event: 0.829 loading class com/badlogic/gdx/utils/BufferUtils
Event: 0.829 loading class com/badlogic/gdx/utils/BufferUtils done
Event: 0.831 loading class org/lwjgl/util/glu/GLU
Event: 0.831 loading class org/lwjgl/util/glu/GLU done
Event: 0.832 loading class org/lwjgl/util/glu/GLUtessellator
Event: 0.832 loading class org/lwjgl/util/glu/GLUtessellator done


Dynamic libraries:
0x00007ff7447c0000 - 0x00007ff7447f4000 	C:\Program Files\Java\jre1.8.0_20\bin\javaw.exe
0x00007ffc82f00000 - 0x00007ffc830aa000 	C:\WINDOWS\SYSTEM32\ntdll.dll
0x00007ffc82860000 - 0x00007ffc8299a000 	C:\WINDOWS\system32\KERNEL32.DLL
0x00007ffc805c0000 - 0x00007ffc806cf000 	C:\WINDOWS\system32\KERNELBASE.dll
0x00007ffc7eea0000 - 0x00007ffc7ef28000 	C:\WINDOWS\system32\apphelp.dll
0x00007ffc74c80000 - 0x00007ffc74ccf000 	C:\WINDOWS\AppPatch\AppPatch64\AcGenral.DLL
0x00007ffc82db0000 - 0x00007ffc82e57000 	C:\WINDOWS\system32\msvcrt.dll
0x00007ffc80120000 - 0x00007ffc8014b000 	C:\WINDOWS\SYSTEM32\SspiCli.dll
0x00007ffc82a40000 - 0x00007ffc82a91000 	C:\WINDOWS\system32\SHLWAPI.dll
0x00007ffc82070000 - 0x00007ffc821e1000 	C:\WINDOWS\system32\USER32.dll
0x00007ffc81cf0000 - 0x00007ffc81e68000 	C:\WINDOWS\system32\ole32.dll
0x00007ffc80780000 - 0x00007ffc81ba0000 	C:\WINDOWS\system32\SHELL32.dll
0x00007ffc7f8c0000 - 0x00007ffc7f8de000 	C:\WINDOWS\SYSTEM32\USERENV.dll
0x00007ffc827b0000 - 0x00007ffc82855000 	C:\WINDOWS\system32\ADVAPI32.dll
0x00007ffc78940000 - 0x00007ffc7895b000 	C:\WINDOWS\SYSTEM32\MPR.dll
0x00007ffc81ba0000 - 0x00007ffc81cd7000 	C:\WINDOWS\system32\RPCRT4.dll
0x00007ffc824e0000 - 0x00007ffc82537000 	C:\WINDOWS\SYSTEM32\sechost.dll
0x00007ffc82ab0000 - 0x00007ffc82c86000 	C:\WINDOWS\SYSTEM32\combase.dll
0x00007ffc821f0000 - 0x00007ffc82334000 	C:\WINDOWS\system32\GDI32.dll
0x00007ffc80270000 - 0x00007ffc80284000 	C:\WINDOWS\SYSTEM32\profapi.dll
0x00007ffc7e8b0000 - 0x00007ffc7e94f000 	C:\WINDOWS\SYSTEM32\SHCORE.dll
0x00007ffc82e60000 - 0x00007ffc82e94000 	C:\WINDOWS\system32\IMM32.DLL
0x00007ffc823a0000 - 0x00007ffc824d9000 	C:\WINDOWS\system32\MSCTF.dll
0x00007ffc7df00000 - 0x00007ffc7e15a000 	C:\WINDOWS\WinSxS\amd64_microsoft.windows.common-controls_6595b64144ccf1df_6.0.9600.17031_none_6242a4b3ecbb55a1\COMCTL32.dll
0x000000006b300000 - 0x000000006b3d2000 	C:\Program Files\Java\jre1.8.0_20\bin\msvcr100.dll
0x000000006b480000 - 0x000000006bcd8000 	C:\Program Files\Java\jre1.8.0_20\bin\server\jvm.dll
0x00007ffc77310000 - 0x00007ffc77319000 	C:\WINDOWS\SYSTEM32\WSOCK32.dll
0x00007ffc7bc90000 - 0x00007ffc7bcaf000 	C:\WINDOWS\SYSTEM32\WINMM.dll
0x00007ffc82600000 - 0x00007ffc82607000 	C:\WINDOWS\system32\PSAPI.DLL
0x00007ffc82ea0000 - 0x00007ffc82ef8000 	C:\WINDOWS\system32\WS2_32.dll
0x00007ffc7bac0000 - 0x00007ffc7baea000 	C:\WINDOWS\SYSTEM32\WINMMBASE.dll
0x00007ffc82aa0000 - 0x00007ffc82aa9000 	C:\WINDOWS\system32\NSI.dll
0x00007ffc80390000 - 0x00007ffc803da000 	C:\WINDOWS\SYSTEM32\cfgmgr32.dll
0x00007ffc7f0f0000 - 0x00007ffc7f116000 	C:\WINDOWS\SYSTEM32\DEVOBJ.dll
0x000000006b470000 - 0x000000006b47f000 	C:\Program Files\Java\jre1.8.0_20\bin\verify.dll
0x000000006b440000 - 0x000000006b468000 	C:\Program Files\Java\jre1.8.0_20\bin\java.dll
0x000000006b420000 - 0x000000006b436000 	C:\Program Files\Java\jre1.8.0_20\bin\zip.dll
0x0000000065580000 - 0x000000006560d000 	C:\Users\Tommz\AppData\Local\Temp\libgdxTommz\123946040\gdx64.dll
0x0000000180000000 - 0x0000000180050000 	C:\Users\Tommz\AppData\Local\Temp\libgdxTommz\27538956\lwjgl64.dll
0x00007ffc6b590000 - 0x00007ffc6b6b1000 	C:\WINDOWS\SYSTEM32\OPENGL32.dll
0x00007ffc7def0000 - 0x00007ffc7defa000 	C:\WINDOWS\SYSTEM32\VERSION.dll
0x00007ffc77cf0000 - 0x00007ffc77d1c000 	C:\WINDOWS\SYSTEM32\GLU32.dll
0x00007ffc6b030000 - 0x00007ffc6b124000 	C:\WINDOWS\SYSTEM32\DDRAW.dll
0x00007ffc7a250000 - 0x00007ffc7a259000 	C:\WINDOWS\SYSTEM32\DCIMAN32.dll
0x0000000018770000 - 0x00000000187d2000 	C:\Users\Tommz\AppData\Local\Temp\libgdxTommz\27538956\OpenAL64.dll
0x00007ffc7f140000 - 0x00007ffc7f14a000 	C:\WINDOWS\SYSTEM32\kernel.appcore.dll
0x00007ffc801b0000 - 0x00007ffc801ba000 	C:\WINDOWS\SYSTEM32\CRYPTBASE.dll
0x00007ffc80150000 - 0x00007ffc801b0000 	C:\WINDOWS\SYSTEM32\bcryptPrimitives.dll
0x00007ffc7ef70000 - 0x00007ffc7f091000 	C:\WINDOWS\system32\uxtheme.dll
0x00007ffc82c90000 - 0x00007ffc82d34000 	C:\WINDOWS\SYSTEM32\clbcatq.dll
0x00007ffc6d190000 - 0x00007ffc6d217000 	C:\WINDOWS\SYSTEM32\dsound.dll
0x00007ffc7f8e0000 - 0x00007ffc7f925000 	C:\WINDOWS\SYSTEM32\POWRPROF.dll
0x00007ffc7dda0000 - 0x00007ffc7de02000 	C:\WINDOWS\System32\MMDevApi.dll
0x00007ffc7b160000 - 0x00007ffc7b1d6000 	C:\WINDOWS\SYSTEM32\AUDIOSES.DLL
0x00007ffc82540000 - 0x00007ffc825f7000 	C:\WINDOWS\system32\OLEAUT32.dll
0x00007ffc7e6e0000 - 0x00007ffc7e700000 	C:\WINDOWS\system32\dwmapi.dll
0x00007ffc78680000 - 0x00007ffc78698000 	C:\WINDOWS\SYSTEM32\atig6pxx.dll
0x0000000069a40000 - 0x000000006b2f5000 	C:\WINDOWS\SYSTEM32\atio6axx.dll
0x00007ffc81e70000 - 0x00007ffc82044000 	C:\WINDOWS\system32\SETUPAPI.dll
0x00007ffc7b1e0000 - 0x00007ffc7b2af000 	C:\WINDOWS\SYSTEM32\atiadlxx.dll
0x00007ffc7bed0000 - 0x00007ffc7c035000 	C:\WINDOWS\SYSTEM32\PROPSYS.dll
0x00007ffc7ee80000 - 0x00007ffc7ee91000 	C:\WINDOWS\SYSTEM32\WTSAPI32.dll
0x00007ffc7ba90000 - 0x00007ffc7bab9000 	C:\WINDOWS\SYSTEM32\IPHLPAPI.DLL
0x00007ffc7ba60000 - 0x00007ffc7ba6a000 	C:\WINDOWS\SYSTEM32\WINNSI.DLL
0x00007ffc80340000 - 0x00007ffc8038c000 	C:\WINDOWS\system32\WINTRUST.dll
0x00007ffc803e0000 - 0x00007ffc805b7000 	C:\WINDOWS\system32\CRYPT32.dll
0x00007ffc80320000 - 0x00007ffc80332000 	C:\WINDOWS\system32\MSASN1.dll
0x00007ffc7e160000 - 0x00007ffc7e291000 	C:\WINDOWS\SYSTEM32\aticfx64.dll
0x00007ffc78520000 - 0x00007ffc7853e000 	C:\WINDOWS\SYSTEM32\atig6txx.dll
0x00007ffc74b80000 - 0x00007ffc74c0d000 	C:\WINDOWS\SYSTEM32\mscms.dll
0x00007ffc730b0000 - 0x00007ffc730f1000 	C:\WINDOWS\SYSTEM32\icm32.dll
0x00007ffc72ca0000 - 0x00007ffc72e28000 	C:\WINDOWS\SYSTEM32\dbghelp.dll

VM Arguments:
jvm_args: -Dfile.encoding=Cp1252 
java_command: CannonFodderGame.DesktopRunner
java_class_path (initial): C:\Programming\Computer Graphics\CannonFodder\bin;C:\Programming\Forrit\Library\libgdx\gdx.jar;C:\Programming\Forrit\Library\libgdx\gdx-backend-android.jar;C:\Programming\Forrit\Library\libgdx\gdx-backend-gwt.jar;C:\Programming\Forrit\Library\libgdx\gdx-backend-lwjgl.jar;C:\Programming\Forrit\Library\libgdx\gdx-backend-lwjgl-natives.jar;C:\Programming\Forrit\Library\libgdx\gdx-natives.jar;C:\Programming\Forrit\Library\libgdx\gdx-openal.jar;C:\Programming\Forrit\Library\libgdx\gdx-setup-ui.jar
Launcher Type: SUN_STANDARD

Environment Variables:
PATH=C:/Program Files/Java/jre1.8.0_20/bin/server;C:/Program Files/Java/jre1.8.0_20/bin;C:/Program Files/Java/jre1.8.0_20/lib/amd64;C:\ProgramData\Oracle\Java\javapath;C:\WINDOWS\system32;C:\WINDOWS;C:\WINDOWS\System32\Wbem;C:\WINDOWS\System32\WindowsPowerShell\v1.0\;C:\Program Files (x86)\Windows Kits\8.1\Windows Performance Toolkit\;C:\Program Files\Microsoft SQL Server\110\Tools\Binn\;C:\Program Files (x86)\Microsoft SDKs\TypeScript\1.0\;C:\Programming\Forrit\eclipse;
USERNAME=Tommz
OS=Windows_NT
PROCESSOR_IDENTIFIER=AMD64 Family 21 Model 16 Stepping 1, AuthenticAMD



---------------  S Y S T E M  ---------------

OS: Windows 8.1 , 64 bit Build 9600 

CPU:total 4 (4 cores per cpu, 1 threads per core) family 21 model 16 stepping 1, cmov, cx8, fxsr, mmx, sse, sse2, sse3, ssse3, sse4.1, sse4.2, popcnt, avx, aes, clmul, mmxext, 3dnowpref, lzcnt, sse4a, tsc, tscinvbit, tscinv, bmi1

Memory: 4k page, physical 7832912k(4127236k free), swap 15697232k(10908752k free)

vm_info: Java HotSpot(TM) 64-Bit Server VM (25.20-b23) for windows-amd64 JRE (1.8.0_20-b26), built on Jul 30 2014 13:51:23 by "java_re" with MS VC++ 10.0 (VS2010)

time: Thu Sep 11 23:10:21 2014
elapsed time: 0 seconds (0d 0h 0m 0s)

